#! /usr/bin/vvp
:ivl_version "10.1 (stable)";
:ivl_delay_selection "TYPICAL";
:vpi_time_precision - 12;
:vpi_module "system";
:vpi_module "vhdl_sys";
:vpi_module "v2005_math";
:vpi_module "va_math";
S_0x55a3a2bcd150 .scope module, "result_testbench" "result_testbench" 2 6;
 .timescale -9 -12;
v0x55a3a2bec810_0 .net "clk", 0 0, v0x55a3a2beb590_0;  1 drivers
v0x55a3a2bec8d0_0 .net "clk_2f", 0 0, v0x55a3a2bcb750_0;  1 drivers
v0x55a3a2bec990_0 .net "clk_4f", 0 0, v0x55a3a2bcb960_0;  1 drivers
v0x55a3a2beca30_0 .net "clk_f", 0 0, v0x55a3a2bcbb70_0;  1 drivers
v0x55a3a2becad0_0 .net "data_in_8b", 7 0, v0x55a3a2beb680_0;  1 drivers
v0x55a3a2becb70_0 .net "data_out_serial", 0 0, v0x55a3a2beb0d0_0;  1 drivers
v0x55a3a2becc10_0 .net "parallel_data", 7 0, v0x55a3a2bec4d0_0;  1 drivers
v0x55a3a2beccb0_0 .net "reset", 0 0, v0x55a3a2beb840_0;  1 drivers
v0x55a3a2becde0_0 .net "valid", 0 0, v0x55a3a2beb930_0;  1 drivers
v0x55a3a2becf10_0 .net "valid_out", 0 0, v0x55a3a2bec650_0;  1 drivers
S_0x55a3a2bcd4e0 .scope module, "gen_clk" "genClock" 2 11, 3 3 0, S_0x55a3a2bcd150;
 .timescale -9 -12;
    .port_info 0 /INPUT 1 "clk"
    .port_info 1 /INPUT 1 "reset"
    .port_info 2 /OUTPUT 1 "clk_f"
    .port_info 3 /OUTPUT 1 "clk_2f"
    .port_info 4 /OUTPUT 1 "clk_4f"
v0x55a3a2bcb540_0 .net "clk", 0 0, v0x55a3a2beb590_0;  alias, 1 drivers
v0x55a3a2bcb750_0 .var "clk_2f", 0 0;
v0x55a3a2bcb960_0 .var "clk_4f", 0 0;
v0x55a3a2bcbb70_0 .var "clk_f", 0 0;
v0x55a3a2bcbd80_0 .net "reset", 0 0, v0x55a3a2beb840_0;  alias, 1 drivers
E_0x55a3a2ba7860 .event posedge, v0x55a3a2bcb540_0;
S_0x55a3a2beab50 .scope module, "p_s_inst" "parallel_serial" 2 19, 4 1 0, S_0x55a3a2bcd150;
 .timescale -9 -12;
    .port_info 0 /INPUT 1 "clk_f"
    .port_info 1 /INPUT 1 "clk"
    .port_info 2 /INPUT 1 "valid"
    .port_info 3 /INPUT 1 "reset"
    .port_info 4 /INPUT 8 "data_in_8b"
    .port_info 5 /OUTPUT 1 "data_out_serial"
v0x55a3a2bcc1a0_0 .net "clk", 0 0, v0x55a3a2beb590_0;  alias, 1 drivers
v0x55a3a2beada0_0 .net "clk_f", 0 0, v0x55a3a2bcbb70_0;  alias, 1 drivers
v0x55a3a2beae40_0 .var "counter", 2 0;
v0x55a3a2beaee0_0 .var "data_bus", 7 0;
v0x55a3a2beafa0_0 .net "data_in_8b", 7 0, v0x55a3a2beb680_0;  alias, 1 drivers
v0x55a3a2beb0d0_0 .var "data_out_serial", 0 0;
v0x55a3a2beb190_0 .net "reset", 0 0, v0x55a3a2beb840_0;  alias, 1 drivers
v0x55a3a2beb230_0 .net "valid", 0 0, v0x55a3a2beb930_0;  alias, 1 drivers
E_0x55a3a2b72da0 .event edge, v0x55a3a2bcb540_0;
E_0x55a3a2b72b40 .event edge, v0x55a3a2bcbb70_0;
S_0x55a3a2beb390 .scope module, "p_s_tb" "parallel_serial_testbench" 2 37, 5 1 0, S_0x55a3a2bcd150;
 .timescale -9 -12;
    .port_info 0 /INPUT 1 "data_out_serial"
    .port_info 1 /OUTPUT 1 "valid"
    .port_info 2 /OUTPUT 1 "reset"
    .port_info 3 /OUTPUT 1 "clk"
    .port_info 4 /OUTPUT 8 "data_in_8b"
v0x55a3a2beb590_0 .var "clk", 0 0;
v0x55a3a2beb680_0 .var "data_in_8b", 7 0;
v0x55a3a2beb740_0 .net "data_out_serial", 0 0, v0x55a3a2beb0d0_0;  alias, 1 drivers
v0x55a3a2beb840_0 .var "reset", 0 0;
v0x55a3a2beb930_0 .var "valid", 0 0;
S_0x55a3a2beba40 .scope module, "s_p_inst" "serial_parallel" 2 28, 6 1 0, S_0x55a3a2bcd150;
 .timescale -9 -12;
    .port_info 0 /INPUT 1 "clk_f"
    .port_info 1 /INPUT 1 "clk"
    .port_info 2 /INPUT 1 "reset"
    .port_info 3 /INPUT 1 "data_serial_in"
    .port_info 4 /OUTPUT 8 "parallel_data"
    .port_info 5 /OUTPUT 1 "valid_out"
v0x55a3a2bebd00_0 .var "BC_counter", 7 0;
v0x55a3a2bebe00_0 .var "active", 0 0;
v0x55a3a2bebec0_0 .net "clk", 0 0, v0x55a3a2beb590_0;  alias, 1 drivers
v0x55a3a2bebf60_0 .net "clk_f", 0 0, v0x55a3a2bcbb70_0;  alias, 1 drivers
v0x55a3a2bec050_0 .var "counter", 2 0;
v0x55a3a2bec160_0 .var "data_bus", 7 0;
v0x55a3a2bec240_0 .net "data_serial_in", 0 0, v0x55a3a2beb0d0_0;  alias, 1 drivers
v0x55a3a2bec330_0 .var "ff_data_bus", 7 0;
v0x55a3a2bec410_0 .var "ff_data_in", 0 0;
v0x55a3a2bec4d0_0 .var "parallel_data", 7 0;
v0x55a3a2bec5b0_0 .net "reset", 0 0, v0x55a3a2beb840_0;  alias, 1 drivers
v0x55a3a2bec650_0 .var "valid_out", 0 0;
E_0x55a3a2bcc650 .event edge, v0x55a3a2bec330_0, v0x55a3a2bcbd80_0, v0x55a3a2bec410_0, v0x55a3a2bec050_0;
    .scope S_0x55a3a2bcd4e0;
T_0 ;
    %wait E_0x55a3a2ba7860;
    %load/vec4 v0x55a3a2bcbd80_0;
    %pad/u 32;
    %cmpi/e 1, 0, 32;
    %jmp/0xz  T_0.0, 4;
    %pushi/vec4 0, 0, 1;
    %assign/vec4 v0x55a3a2bcbb70_0, 0;
    %pushi/vec4 0, 0, 1;
    %assign/vec4 v0x55a3a2bcb750_0, 0;
    %pushi/vec4 0, 0, 1;
    %assign/vec4 v0x55a3a2bcb960_0, 0;
    %jmp T_0.1;
T_0.0 ;
    %load/vec4 v0x55a3a2bcb960_0;
    %inv;
    %assign/vec4 v0x55a3a2bcb960_0, 0;
    %load/vec4 v0x55a3a2bcb960_0;
    %inv;
    %flag_set/vec4 8;
    %jmp/0xz  T_0.2, 8;
    %load/vec4 v0x55a3a2bcb750_0;
    %inv;
    %assign/vec4 v0x55a3a2bcb750_0, 0;
T_0.2 ;
    %load/vec4 v0x55a3a2bcb750_0;
    %inv;
    %load/vec4 v0x55a3a2bcb960_0;
    %inv;
    %and;
    %flag_set/vec4 8;
    %jmp/0xz  T_0.4, 8;
    %load/vec4 v0x55a3a2bcbb70_0;
    %inv;
    %assign/vec4 v0x55a3a2bcbb70_0, 0;
T_0.4 ;
T_0.1 ;
    %jmp T_0;
    .thread T_0;
    .scope S_0x55a3a2beab50;
T_1 ;
    %wait E_0x55a3a2b72b40;
    %load/vec4 v0x55a3a2beb230_0;
    %inv;
    %flag_set/vec4 8;
    %jmp/0xz  T_1.0, 8;
    %pushi/vec4 188, 0, 8;
    %assign/vec4 v0x55a3a2beaee0_0, 0;
    %jmp T_1.1;
T_1.0 ;
    %load/vec4 v0x55a3a2beafa0_0;
    %assign/vec4 v0x55a3a2beaee0_0, 0;
T_1.1 ;
    %jmp T_1;
    .thread T_1, $push;
    .scope S_0x55a3a2beab50;
T_2 ;
    %wait E_0x55a3a2b72da0;
    %load/vec4 v0x55a3a2beb190_0;
    %flag_set/vec4 8;
    %jmp/0xz  T_2.0, 8;
    %pushi/vec4 7, 0, 3;
    %assign/vec4 v0x55a3a2beae40_0, 0;
    %pushi/vec4 0, 0, 1;
    %assign/vec4 v0x55a3a2beb0d0_0, 0;
    %jmp T_2.1;
T_2.0 ;
    %load/vec4 v0x55a3a2beaee0_0;
    %load/vec4 v0x55a3a2beae40_0;
    %part/u 1;
    %assign/vec4 v0x55a3a2beb0d0_0, 0;
    %load/vec4 v0x55a3a2beae40_0;
    %subi 1, 0, 3;
    %assign/vec4 v0x55a3a2beae40_0, 0;
T_2.1 ;
    %jmp T_2;
    .thread T_2, $push;
    .scope S_0x55a3a2beba40;
T_3 ;
    %wait E_0x55a3a2bcc650;
    %load/vec4 v0x55a3a2bec330_0;
    %store/vec4 v0x55a3a2bec160_0, 0, 8;
    %load/vec4 v0x55a3a2bec5b0_0;
    %flag_set/vec4 8;
    %jmp/0xz  T_3.0, 8;
    %pushi/vec4 0, 0, 8;
    %store/vec4 v0x55a3a2bec160_0, 0, 8;
    %jmp T_3.1;
T_3.0 ;
    %load/vec4 v0x55a3a2bec410_0;
    %ix/getv 4, v0x55a3a2bec050_0;
    %store/vec4 v0x55a3a2bec160_0, 4, 1;
T_3.1 ;
    %jmp T_3;
    .thread T_3, $push;
    .scope S_0x55a3a2beba40;
T_4 ;
    %wait E_0x55a3a2b72da0;
    %load/vec4 v0x55a3a2bec160_0;
    %assign/vec4 v0x55a3a2bec330_0, 0;
    %load/vec4 v0x55a3a2bec240_0;
    %assign/vec4 v0x55a3a2bec410_0, 0;
    %load/vec4 v0x55a3a2bec5b0_0;
    %flag_set/vec4 8;
    %jmp/0xz  T_4.0, 8;
    %pushi/vec4 7, 0, 3;
    %assign/vec4 v0x55a3a2bec050_0, 0;
    %pushi/vec4 0, 0, 8;
    %assign/vec4 v0x55a3a2bebd00_0, 0;
    %pushi/vec4 0, 0, 1;
    %assign/vec4 v0x55a3a2bebe00_0, 0;
    %jmp T_4.1;
T_4.0 ;
    %load/vec4 v0x55a3a2bec050_0;
    %addi 1, 0, 3;
    %assign/vec4 v0x55a3a2bec050_0, 0;
T_4.1 ;
    %jmp T_4;
    .thread T_4, $push;
    .scope S_0x55a3a2beba40;
T_5 ;
    %wait E_0x55a3a2b72b40;
    %load/vec4 v0x55a3a2bec5b0_0;
    %flag_set/vec4 8;
    %jmp/0xz  T_5.0, 8;
    %pushi/vec4 0, 0, 8;
    %assign/vec4 v0x55a3a2bec4d0_0, 0;
    %pushi/vec4 0, 0, 1;
    %assign/vec4 v0x55a3a2bec650_0, 0;
    %jmp T_5.1;
T_5.0 ;
    %load/vec4 v0x55a3a2bec4d0_0;
    %cmpi/e 188, 0, 8;
    %jmp/0xz  T_5.2, 4;
    %load/vec4 v0x55a3a2bebd00_0;
    %addi 1, 0, 8;
    %assign/vec4 v0x55a3a2bebd00_0, 0;
T_5.2 ;
    %pushi/vec4 3, 0, 32;
    %load/vec4 v0x55a3a2bebd00_0;
    %pad/u 32;
    %cmp/u;
    %jmp/0xz  T_5.4, 5;
    %pushi/vec4 1, 0, 1;
    %assign/vec4 v0x55a3a2bebe00_0, 0;
    %jmp T_5.5;
T_5.4 ;
    %pushi/vec4 0, 0, 1;
    %assign/vec4 v0x55a3a2bebe00_0, 0;
T_5.5 ;
    %load/vec4 v0x55a3a2bebe00_0;
    %load/vec4 v0x55a3a2bec160_0;
    %pushi/vec4 188, 0, 8;
    %cmp/e;
    %flag_get/vec4 4;
    %inv;
    %and;
    %flag_set/vec4 8;
    %jmp/0xz  T_5.6, 8;
    %pushi/vec4 1, 0, 1;
    %assign/vec4 v0x55a3a2bec650_0, 0;
    %jmp T_5.7;
T_5.6 ;
    %pushi/vec4 0, 0, 1;
    %assign/vec4 v0x55a3a2bec650_0, 0;
T_5.7 ;
    %load/vec4 v0x55a3a2bebe00_0;
    %inv;
    %load/vec4 v0x55a3a2bec5b0_0;
    %inv;
    %and;
    %flag_set/vec4 8;
    %jmp/0xz  T_5.8, 8;
    %pushi/vec4 188, 0, 8;
    %assign/vec4 v0x55a3a2bec4d0_0, 0;
    %jmp T_5.9;
T_5.8 ;
    %load/vec4 v0x55a3a2bec160_0;
    %assign/vec4 v0x55a3a2bec4d0_0, 0;
T_5.9 ;
T_5.1 ;
    %jmp T_5;
    .thread T_5, $push;
    .scope S_0x55a3a2beb390;
T_6 ;
    %vpi_call 5 9 "$dumpfile", "p_s_s_p.vcd" {0 0 0};
    %vpi_call 5 10 "$dumpvars" {0 0 0};
    %pushi/vec4 1, 0, 1;
    %assign/vec4 v0x55a3a2beb840_0, 0;
    %pushi/vec4 0, 0, 1;
    %assign/vec4 v0x55a3a2beb930_0, 0;
    %pushi/vec4 35, 0, 8;
    %assign/vec4 v0x55a3a2beb680_0, 0;
    %wait E_0x55a3a2ba7860;
    %pushi/vec4 0, 0, 1;
    %assign/vec4 v0x55a3a2beb840_0, 0;
    %wait E_0x55a3a2ba7860;
    %wait E_0x55a3a2ba7860;
    %wait E_0x55a3a2ba7860;
    %wait E_0x55a3a2ba7860;
    %wait E_0x55a3a2ba7860;
    %wait E_0x55a3a2ba7860;
    %wait E_0x55a3a2ba7860;
    %wait E_0x55a3a2ba7860;
    %wait E_0x55a3a2ba7860;
    %wait E_0x55a3a2ba7860;
    %wait E_0x55a3a2ba7860;
    %wait E_0x55a3a2ba7860;
    %pushi/vec4 1, 0, 1;
    %assign/vec4 v0x55a3a2beb930_0, 0;
    %pushi/vec4 170, 0, 8;
    %assign/vec4 v0x55a3a2beb680_0, 0;
    %wait E_0x55a3a2ba7860;
    %wait E_0x55a3a2ba7860;
    %wait E_0x55a3a2ba7860;
    %wait E_0x55a3a2ba7860;
    %wait E_0x55a3a2ba7860;
    %wait E_0x55a3a2ba7860;
    %wait E_0x55a3a2ba7860;
    %wait E_0x55a3a2ba7860;
    %wait E_0x55a3a2ba7860;
    %wait E_0x55a3a2ba7860;
    %wait E_0x55a3a2ba7860;
    %pushi/vec4 171, 0, 8;
    %assign/vec4 v0x55a3a2beb680_0, 0;
    %wait E_0x55a3a2ba7860;
    %wait E_0x55a3a2ba7860;
    %wait E_0x55a3a2ba7860;
    %wait E_0x55a3a2ba7860;
    %wait E_0x55a3a2ba7860;
    %wait E_0x55a3a2ba7860;
    %wait E_0x55a3a2ba7860;
    %wait E_0x55a3a2ba7860;
    %wait E_0x55a3a2ba7860;
    %wait E_0x55a3a2ba7860;
    %wait E_0x55a3a2ba7860;
    %vpi_call 5 54 "$finish" {0 0 0};
    %end;
    .thread T_6;
    .scope S_0x55a3a2beb390;
T_7 ;
    %pushi/vec4 0, 0, 1;
    %assign/vec4 v0x55a3a2beb590_0, 0;
    %end;
    .thread T_7;
    .scope S_0x55a3a2beb390;
T_8 ;
    %delay 2000, 0;
    %load/vec4 v0x55a3a2beb590_0;
    %inv;
    %assign/vec4 v0x55a3a2beb590_0, 0;
    %jmp T_8;
    .thread T_8;
# The file index is used to find the file name in the following table.
:file_names 7;
    "N/A";
    "<interactive>";
    "result_testbench.v";
    "./genClock.v";
    "./parallel_serial.v";
    "./parallel_serial_testbench.v";
    "./serial_parallel.v";
