#! /usr/bin/vvp
:ivl_version "11.0 (stable)";
:ivl_delay_selection "TYPICAL";
:vpi_time_precision - 12;
:vpi_module "/usr/lib/x86_64-linux-gnu/ivl/system.vpi";
:vpi_module "/usr/lib/x86_64-linux-gnu/ivl/vhdl_sys.vpi";
:vpi_module "/usr/lib/x86_64-linux-gnu/ivl/vhdl_textio.vpi";
:vpi_module "/usr/lib/x86_64-linux-gnu/ivl/v2005_math.vpi";
:vpi_module "/usr/lib/x86_64-linux-gnu/ivl/va_math.vpi";
S_0x5644dd8e46a0 .scope module, "phy_rx" "phy_rx" 2 6;
 .timescale -9 -12;
    .port_info 0 /INPUT 1 "in_data_serie_0";
    .port_info 1 /INPUT 1 "in_data_serie_1";
    .port_info 2 /INPUT 1 "reset";
    .port_info 3 /INPUT 1 "valid";
    .port_info 4 /INPUT 1 "clk";
    .port_info 5 /INPUT 1 "clk_f";
    .port_info 6 /INPUT 1 "clk_2f";
    .port_info 7 /INPUT 1 "clk_4f";
    .port_info 8 /OUTPUT 32 "dataOut";
o0x7fdfcd299018 .functor BUFZ 1, C4<z>; HiZ drive
v0x5644dd8fda80_0 .net "clk", 0 0, o0x7fdfcd299018;  0 drivers
v0x5644dd8fdb40_0 .net "clk_2f", 0 0, v0x5644dd8e31c0_0;  1 drivers
v0x5644dd8fdc00_0 .net "clk_4f", 0 0, v0x5644dd8c26f0_0;  1 drivers
v0x5644dd8fdca0_0 .net "clk_f", 0 0, v0x5644dd865540_0;  1 drivers
v0x5644dd8fdd40_0 .net "dataOut", 31 0, v0x5644dd8fd100_0;  1 drivers
o0x7fdfcd299a38 .functor BUFZ 1, C4<z>; HiZ drive
v0x5644dd8fde30_0 .net "in_data_serie_0", 0 0, o0x7fdfcd299a38;  0 drivers
o0x7fdfcd299ca8 .functor BUFZ 1, C4<z>; HiZ drive
v0x5644dd8fdf00_0 .net "in_data_serie_1", 0 0, o0x7fdfcd299ca8;  0 drivers
o0x7fdfcd2990d8 .functor BUFZ 1, C4<z>; HiZ drive
v0x5644dd8fdfd0_0 .net "reset", 0 0, o0x7fdfcd2990d8;  0 drivers
o0x7fdfcd299ee8 .functor BUFZ 1, C4<z>; HiZ drive
v0x5644dd8fe070_0 .net "ureset", 0 0, o0x7fdfcd299ee8;  0 drivers
v0x5644dd8fe1d0_0 .net "v4", 0 0, v0x5644dd8fbea0_0;  1 drivers
v0x5644dd8fe270_0 .net "v5", 0 0, v0x5644dd8fcce0_0;  1 drivers
v0x5644dd8fe360_0 .net "v6", 0 0, v0x5644dd8f9dd0_0;  1 drivers
v0x5644dd8fe450_0 .net "v7", 0 0, v0x5644dd8faee0_0;  1 drivers
v0x5644dd8fe540_0 .net "v8", 0 0, v0x5644dd8fd8e0_0;  1 drivers
o0x7fdfcd29a0f8 .functor BUFZ 1, C4<z>; HiZ drive
v0x5644dd8fe5e0_0 .net "valid", 0 0, o0x7fdfcd29a0f8;  0 drivers
v0x5644dd8fe680_0 .net "w6", 7 0, v0x5644dd8fbd40_0;  1 drivers
v0x5644dd8fe770_0 .net "w7", 7 0, v0x5644dd8fcaf0_0;  1 drivers
v0x5644dd8fe860_0 .net "w8", 31 0, v0x5644dd8f9e90_0;  1 drivers
v0x5644dd8fe950_0 .net "w9", 31 0, v0x5644dd8fafa0_0;  1 drivers
S_0x5644dd8832d0 .scope module, "clock_generator" "genClock" 2 22, 3 3 0, S_0x5644dd8e46a0;
 .timescale -9 -12;
    .port_info 0 /INPUT 1 "clk";
    .port_info 1 /INPUT 1 "reset";
    .port_info 2 /OUTPUT 1 "clk_f";
    .port_info 3 /OUTPUT 1 "clk_2f";
    .port_info 4 /OUTPUT 1 "clk_4f";
v0x5644dd8e2f90_0 .net "clk", 0 0, o0x7fdfcd299018;  alias, 0 drivers
v0x5644dd8e31c0_0 .var "clk_2f", 0 0;
v0x5644dd8c26f0_0 .var "clk_4f", 0 0;
v0x5644dd865540_0 .var "clk_f", 0 0;
v0x5644dd8b5f00_0 .net "reset", 0 0, o0x7fdfcd2990d8;  alias, 0 drivers
E_0x5644dd86f680 .event posedge, v0x5644dd8e2f90_0;
S_0x5644dd8f9170 .scope module, "conv8_32_0" "conv8_32" 2 51, 4 1 0, S_0x5644dd8e46a0;
 .timescale -9 -10;
    .port_info 0 /OUTPUT 32 "out_data32";
    .port_info 1 /OUTPUT 1 "out32";
    .port_info 2 /INPUT 1 "clk_4f";
    .port_info 3 /INPUT 1 "clk_f";
    .port_info 4 /INPUT 1 "reset";
    .port_info 5 /INPUT 8 "in_data8";
    .port_info 6 /INPUT 1 "in8";
v0x5644dd8beba0_0 .net "clk_4f", 0 0, v0x5644dd8c26f0_0;  alias, 1 drivers
v0x5644dd8befc0_0 .net "clk_f", 0 0, v0x5644dd865540_0;  alias, 1 drivers
v0x5644dd8f94a0_0 .var "counter", 2 0;
v0x5644dd8f9540_0 .var "fv", 0 0;
v0x5644dd8f95e0_0 .net "in8", 0 0, v0x5644dd8fbea0_0;  alias, 1 drivers
v0x5644dd8f96f0_0 .net "in_data8", 7 0, v0x5644dd8fbd40_0;  alias, 1 drivers
v0x5644dd8f97d0_0 .var "memory_0", 7 0;
v0x5644dd8f98b0_0 .var "memory_1", 15 0;
v0x5644dd8f9990_0 .var "memory_2", 23 0;
v0x5644dd8f9a70_0 .var "memory_3", 31 0;
v0x5644dd8f9b50_0 .var "memory_4", 31 0;
v0x5644dd8f9c30_0 .var "memory_5", 31 0;
v0x5644dd8f9d10_0 .var "new_fv", 0 0;
v0x5644dd8f9dd0_0 .var "out32", 0 0;
v0x5644dd8f9e90_0 .var "out_data32", 31 0;
v0x5644dd8f9f70_0 .net "reset", 0 0, o0x7fdfcd2990d8;  alias, 0 drivers
E_0x5644dd852100 .event edge, v0x5644dd8b5f00_0, v0x5644dd8f9c30_0, v0x5644dd8f9540_0;
E_0x5644dd8e3e90 .event posedge, v0x5644dd865540_0;
E_0x5644dd8e41f0 .event posedge, v0x5644dd8c26f0_0;
S_0x5644dd8fa0d0 .scope module, "conv8_32_1" "conv8_32" 2 62, 4 1 0, S_0x5644dd8e46a0;
 .timescale -9 -10;
    .port_info 0 /OUTPUT 32 "out_data32";
    .port_info 1 /OUTPUT 1 "out32";
    .port_info 2 /INPUT 1 "clk_4f";
    .port_info 3 /INPUT 1 "clk_f";
    .port_info 4 /INPUT 1 "reset";
    .port_info 5 /INPUT 8 "in_data8";
    .port_info 6 /INPUT 1 "in8";
v0x5644dd8fa370_0 .net "clk_4f", 0 0, v0x5644dd8c26f0_0;  alias, 1 drivers
v0x5644dd8fa480_0 .net "clk_f", 0 0, v0x5644dd865540_0;  alias, 1 drivers
v0x5644dd8fa590_0 .var "counter", 2 0;
v0x5644dd8fa630_0 .var "fv", 0 0;
v0x5644dd8fa6f0_0 .net "in8", 0 0, v0x5644dd8fcce0_0;  alias, 1 drivers
v0x5644dd8fa800_0 .net "in_data8", 7 0, v0x5644dd8fcaf0_0;  alias, 1 drivers
v0x5644dd8fa8e0_0 .var "memory_0", 7 0;
v0x5644dd8fa9c0_0 .var "memory_1", 15 0;
v0x5644dd8faaa0_0 .var "memory_2", 23 0;
v0x5644dd8fab80_0 .var "memory_3", 31 0;
v0x5644dd8fac60_0 .var "memory_4", 31 0;
v0x5644dd8fad40_0 .var "memory_5", 31 0;
v0x5644dd8fae20_0 .var "new_fv", 0 0;
v0x5644dd8faee0_0 .var "out32", 0 0;
v0x5644dd8fafa0_0 .var "out_data32", 31 0;
v0x5644dd8fb080_0 .net "reset", 0 0, o0x7fdfcd2990d8;  alias, 0 drivers
E_0x5644dd8fa310 .event edge, v0x5644dd8b5f00_0, v0x5644dd8fad40_0, v0x5644dd8fa630_0;
S_0x5644dd8fb240 .scope module, "s_p_0" "serial_parallel" 2 31, 5 1 0, S_0x5644dd8e46a0;
 .timescale -9 -10;
    .port_info 0 /INPUT 1 "clk_f";
    .port_info 1 /INPUT 1 "clk";
    .port_info 2 /INPUT 1 "reset";
    .port_info 3 /INPUT 1 "data_serial_in";
    .port_info 4 /OUTPUT 8 "parallel_data";
    .port_info 5 /OUTPUT 1 "valid_out";
v0x5644dd8fb610_0 .var "BC_counter", 7 0;
v0x5644dd8fb710_0 .var "active", 0 0;
v0x5644dd8fb7d0_0 .net "clk", 0 0, o0x7fdfcd299018;  alias, 0 drivers
v0x5644dd8fb870_0 .net "clk_f", 0 0, v0x5644dd865540_0;  alias, 1 drivers
v0x5644dd8fb910_0 .var "counter", 2 0;
v0x5644dd8fba00_0 .var "data_bus", 7 0;
v0x5644dd8fbae0_0 .net "data_serial_in", 0 0, o0x7fdfcd299a38;  alias, 0 drivers
v0x5644dd8fbba0_0 .var "ff_data_bus", 7 0;
v0x5644dd8fbc80_0 .var "ff_data_in", 0 0;
v0x5644dd8fbd40_0 .var "parallel_data", 7 0;
v0x5644dd8fbe00_0 .net "reset", 0 0, o0x7fdfcd2990d8;  alias, 0 drivers
v0x5644dd8fbea0_0 .var "valid_out", 0 0;
E_0x5644dd8fb4c0 .event edge, v0x5644dd865540_0;
E_0x5644dd8fb540 .event edge, v0x5644dd8e2f90_0;
E_0x5644dd8fb5a0 .event edge, v0x5644dd8fbba0_0, v0x5644dd8b5f00_0, v0x5644dd8fbc80_0, v0x5644dd8fb910_0;
S_0x5644dd8fc000 .scope module, "s_p_1" "serial_parallel" 2 41, 5 1 0, S_0x5644dd8e46a0;
 .timescale -9 -10;
    .port_info 0 /INPUT 1 "clk_f";
    .port_info 1 /INPUT 1 "clk";
    .port_info 2 /INPUT 1 "reset";
    .port_info 3 /INPUT 1 "data_serial_in";
    .port_info 4 /OUTPUT 8 "parallel_data";
    .port_info 5 /OUTPUT 1 "valid_out";
v0x5644dd8fc310_0 .var "BC_counter", 7 0;
v0x5644dd8fc410_0 .var "active", 0 0;
v0x5644dd8fc4d0_0 .net "clk", 0 0, o0x7fdfcd299018;  alias, 0 drivers
v0x5644dd8fc5c0_0 .net "clk_f", 0 0, v0x5644dd865540_0;  alias, 1 drivers
v0x5644dd8fc660_0 .var "counter", 2 0;
v0x5644dd8fc720_0 .var "data_bus", 7 0;
v0x5644dd8fc800_0 .net "data_serial_in", 0 0, o0x7fdfcd299ca8;  alias, 0 drivers
v0x5644dd8fc8c0_0 .var "ff_data_bus", 7 0;
v0x5644dd8fc9a0_0 .var "ff_data_in", 0 0;
v0x5644dd8fcaf0_0 .var "parallel_data", 7 0;
v0x5644dd8fcbb0_0 .net "reset", 0 0, o0x7fdfcd2990d8;  alias, 0 drivers
v0x5644dd8fcce0_0 .var "valid_out", 0 0;
E_0x5644dd8fc280 .event edge, v0x5644dd8fc8c0_0, v0x5644dd8b5f00_0, v0x5644dd8fc9a0_0, v0x5644dd8fc660_0;
S_0x5644dd8fce40 .scope module, "unstripe_rx" "unstripe" 2 73, 6 1 0, S_0x5644dd8e46a0;
 .timescale -9 -10;
    .port_info 0 /INPUT 1 "clk_2f";
    .port_info 1 /INPUT 1 "ureset";
    .port_info 2 /INPUT 32 "ulane0";
    .port_info 3 /INPUT 32 "ulane1";
    .port_info 4 /INPUT 1 "uvalid0";
    .port_info 5 /INPUT 1 "uvalid1";
    .port_info 6 /OUTPUT 32 "dataOut";
    .port_info 7 /OUTPUT 1 "validOut";
v0x5644dd8fd010_0 .net "clk_2f", 0 0, v0x5644dd8e31c0_0;  alias, 1 drivers
v0x5644dd8fd100_0 .var "dataOut", 31 0;
v0x5644dd8fd1c0_0 .var "salidaMux", 31 0;
v0x5644dd8fd2b0_0 .var "selector", 1 0;
v0x5644dd8fd390_0 .net "ulane0", 31 0, v0x5644dd8f9e90_0;  alias, 1 drivers
v0x5644dd8fd4a0_0 .net "ulane1", 31 0, v0x5644dd8fafa0_0;  alias, 1 drivers
v0x5644dd8fd570_0 .net "ureset", 0 0, o0x7fdfcd299ee8;  alias, 0 drivers
v0x5644dd8fd610_0 .net "uvalid0", 0 0, v0x5644dd8f9dd0_0;  alias, 1 drivers
v0x5644dd8fd6e0_0 .net "uvalid1", 0 0, v0x5644dd8faee0_0;  alias, 1 drivers
v0x5644dd8fd840_0 .var "valid", 0 0;
v0x5644dd8fd8e0_0 .var "validOut", 0 0;
E_0x5644dd86fd70 .event posedge, v0x5644dd8e31c0_0;
S_0x5644dd883140 .scope module, "tester_rx" "tester_rx" 7 1;
 .timescale -9 -12;
    .port_info 0 /OUTPUT 1 "clk";
    .port_info 1 /OUTPUT 1 "clk_4f";
    .port_info 2 /OUTPUT 1 "clk_f";
    .port_info 3 /OUTPUT 1 "clk_2f";
    .port_info 4 /OUTPUT 1 "D_0";
    .port_info 5 /OUTPUT 1 "D_1";
    .port_info 6 /OUTPUT 1 "reset";
    .port_info 7 /OUTPUT 1 "enable";
v0x5644dd8fec10_0 .var "D_0", 0 0;
v0x5644dd8fecf0_0 .var "D_1", 0 0;
v0x5644dd8fedb0_0 .var "clk", 0 0;
v0x5644dd8fee50_0 .var "clk_2f", 0 0;
v0x5644dd8fef10_0 .var "clk_4f", 0 0;
v0x5644dd8fefd0_0 .var "clk_f", 0 0;
v0x5644dd8ff090_0 .var "enable", 0 0;
v0x5644dd8ff150_0 .var "reset", 0 0;
E_0x5644dd8feb90 .event posedge, v0x5644dd8fedb0_0;
    .scope S_0x5644dd8832d0;
T_0 ;
    %wait E_0x5644dd86f680;
    %load/vec4 v0x5644dd8b5f00_0;
    %pad/u 32;
    %cmpi/e 1, 0, 32;
    %jmp/0xz  T_0.0, 4;
    %pushi/vec4 0, 0, 1;
    %assign/vec4 v0x5644dd865540_0, 0;
    %pushi/vec4 0, 0, 1;
    %assign/vec4 v0x5644dd8e31c0_0, 0;
    %pushi/vec4 0, 0, 1;
    %assign/vec4 v0x5644dd8c26f0_0, 0;
    %jmp T_0.1;
T_0.0 ;
    %load/vec4 v0x5644dd8c26f0_0;
    %inv;
    %assign/vec4 v0x5644dd8c26f0_0, 0;
    %load/vec4 v0x5644dd8c26f0_0;
    %inv;
    %flag_set/vec4 8;
    %jmp/0xz  T_0.2, 8;
    %load/vec4 v0x5644dd8e31c0_0;
    %inv;
    %assign/vec4 v0x5644dd8e31c0_0, 0;
T_0.2 ;
    %load/vec4 v0x5644dd8e31c0_0;
    %inv;
    %load/vec4 v0x5644dd8c26f0_0;
    %inv;
    %and;
    %flag_set/vec4 8;
    %jmp/0xz  T_0.4, 8;
    %load/vec4 v0x5644dd865540_0;
    %inv;
    %assign/vec4 v0x5644dd865540_0, 0;
T_0.4 ;
T_0.1 ;
    %jmp T_0;
    .thread T_0;
    .scope S_0x5644dd8fb240;
T_1 ;
    %wait E_0x5644dd8fb5a0;
    %load/vec4 v0x5644dd8fbba0_0;
    %store/vec4 v0x5644dd8fba00_0, 0, 8;
    %load/vec4 v0x5644dd8fbe00_0;
    %flag_set/vec4 8;
    %jmp/0xz  T_1.0, 8;
    %pushi/vec4 0, 0, 8;
    %store/vec4 v0x5644dd8fba00_0, 0, 8;
    %jmp T_1.1;
T_1.0 ;
    %load/vec4 v0x5644dd8fbc80_0;
    %ix/getv 4, v0x5644dd8fb910_0;
    %store/vec4 v0x5644dd8fba00_0, 4, 1;
T_1.1 ;
    %jmp T_1;
    .thread T_1, $push;
    .scope S_0x5644dd8fb240;
T_2 ;
    %wait E_0x5644dd8fb540;
    %load/vec4 v0x5644dd8fba00_0;
    %assign/vec4 v0x5644dd8fbba0_0, 0;
    %load/vec4 v0x5644dd8fbae0_0;
    %assign/vec4 v0x5644dd8fbc80_0, 0;
    %load/vec4 v0x5644dd8fbe00_0;
    %flag_set/vec4 8;
    %jmp/0xz  T_2.0, 8;
    %pushi/vec4 7, 0, 3;
    %assign/vec4 v0x5644dd8fb910_0, 0;
    %pushi/vec4 0, 0, 8;
    %assign/vec4 v0x5644dd8fb610_0, 0;
    %pushi/vec4 0, 0, 1;
    %assign/vec4 v0x5644dd8fb710_0, 0;
    %jmp T_2.1;
T_2.0 ;
    %load/vec4 v0x5644dd8fb910_0;
    %addi 1, 0, 3;
    %assign/vec4 v0x5644dd8fb910_0, 0;
T_2.1 ;
    %jmp T_2;
    .thread T_2, $push;
    .scope S_0x5644dd8fb240;
T_3 ;
    %wait E_0x5644dd8fb4c0;
    %load/vec4 v0x5644dd8fbe00_0;
    %flag_set/vec4 8;
    %jmp/0xz  T_3.0, 8;
    %pushi/vec4 0, 0, 8;
    %assign/vec4 v0x5644dd8fbd40_0, 0;
    %pushi/vec4 0, 0, 1;
    %assign/vec4 v0x5644dd8fbea0_0, 0;
    %jmp T_3.1;
T_3.0 ;
    %load/vec4 v0x5644dd8fbd40_0;
    %cmpi/e 188, 0, 8;
    %jmp/0xz  T_3.2, 4;
    %load/vec4 v0x5644dd8fb610_0;
    %addi 1, 0, 8;
    %assign/vec4 v0x5644dd8fb610_0, 0;
T_3.2 ;
    %load/vec4 v0x5644dd8fb610_0;
    %pad/u 32;
    %cmpi/u 3, 0, 32;
    %flag_or 5, 4; GT is !LE
    %flag_inv 5;
    %jmp/0xz  T_3.4, 5;
    %pushi/vec4 1, 0, 1;
    %assign/vec4 v0x5644dd8fb710_0, 0;
    %jmp T_3.5;
T_3.4 ;
    %pushi/vec4 0, 0, 1;
    %assign/vec4 v0x5644dd8fb710_0, 0;
T_3.5 ;
    %load/vec4 v0x5644dd8fb710_0;
    %load/vec4 v0x5644dd8fba00_0;
    %pushi/vec4 188, 0, 8;
    %cmp/ne;
    %flag_get/vec4 4;
    %and;
    %flag_set/vec4 8;
    %jmp/0xz  T_3.6, 8;
    %pushi/vec4 1, 0, 1;
    %assign/vec4 v0x5644dd8fbea0_0, 0;
    %jmp T_3.7;
T_3.6 ;
    %pushi/vec4 0, 0, 1;
    %assign/vec4 v0x5644dd8fbea0_0, 0;
T_3.7 ;
    %load/vec4 v0x5644dd8fb710_0;
    %inv;
    %load/vec4 v0x5644dd8fbe00_0;
    %inv;
    %and;
    %flag_set/vec4 8;
    %jmp/0xz  T_3.8, 8;
    %pushi/vec4 188, 0, 8;
    %assign/vec4 v0x5644dd8fbd40_0, 0;
    %jmp T_3.9;
T_3.8 ;
    %load/vec4 v0x5644dd8fba00_0;
    %assign/vec4 v0x5644dd8fbd40_0, 0;
T_3.9 ;
T_3.1 ;
    %jmp T_3;
    .thread T_3, $push;
    .scope S_0x5644dd8fc000;
T_4 ;
    %wait E_0x5644dd8fc280;
    %load/vec4 v0x5644dd8fc8c0_0;
    %store/vec4 v0x5644dd8fc720_0, 0, 8;
    %load/vec4 v0x5644dd8fcbb0_0;
    %flag_set/vec4 8;
    %jmp/0xz  T_4.0, 8;
    %pushi/vec4 0, 0, 8;
    %store/vec4 v0x5644dd8fc720_0, 0, 8;
    %jmp T_4.1;
T_4.0 ;
    %load/vec4 v0x5644dd8fc9a0_0;
    %ix/getv 4, v0x5644dd8fc660_0;
    %store/vec4 v0x5644dd8fc720_0, 4, 1;
T_4.1 ;
    %jmp T_4;
    .thread T_4, $push;
    .scope S_0x5644dd8fc000;
T_5 ;
    %wait E_0x5644dd8fb540;
    %load/vec4 v0x5644dd8fc720_0;
    %assign/vec4 v0x5644dd8fc8c0_0, 0;
    %load/vec4 v0x5644dd8fc800_0;
    %assign/vec4 v0x5644dd8fc9a0_0, 0;
    %load/vec4 v0x5644dd8fcbb0_0;
    %flag_set/vec4 8;
    %jmp/0xz  T_5.0, 8;
    %pushi/vec4 7, 0, 3;
    %assign/vec4 v0x5644dd8fc660_0, 0;
    %pushi/vec4 0, 0, 8;
    %assign/vec4 v0x5644dd8fc310_0, 0;
    %pushi/vec4 0, 0, 1;
    %assign/vec4 v0x5644dd8fc410_0, 0;
    %jmp T_5.1;
T_5.0 ;
    %load/vec4 v0x5644dd8fc660_0;
    %addi 1, 0, 3;
    %assign/vec4 v0x5644dd8fc660_0, 0;
T_5.1 ;
    %jmp T_5;
    .thread T_5, $push;
    .scope S_0x5644dd8fc000;
T_6 ;
    %wait E_0x5644dd8fb4c0;
    %load/vec4 v0x5644dd8fcbb0_0;
    %flag_set/vec4 8;
    %jmp/0xz  T_6.0, 8;
    %pushi/vec4 0, 0, 8;
    %assign/vec4 v0x5644dd8fcaf0_0, 0;
    %pushi/vec4 0, 0, 1;
    %assign/vec4 v0x5644dd8fcce0_0, 0;
    %jmp T_6.1;
T_6.0 ;
    %load/vec4 v0x5644dd8fcaf0_0;
    %cmpi/e 188, 0, 8;
    %jmp/0xz  T_6.2, 4;
    %load/vec4 v0x5644dd8fc310_0;
    %addi 1, 0, 8;
    %assign/vec4 v0x5644dd8fc310_0, 0;
T_6.2 ;
    %load/vec4 v0x5644dd8fc310_0;
    %pad/u 32;
    %cmpi/u 3, 0, 32;
    %flag_or 5, 4; GT is !LE
    %flag_inv 5;
    %jmp/0xz  T_6.4, 5;
    %pushi/vec4 1, 0, 1;
    %assign/vec4 v0x5644dd8fc410_0, 0;
    %jmp T_6.5;
T_6.4 ;
    %pushi/vec4 0, 0, 1;
    %assign/vec4 v0x5644dd8fc410_0, 0;
T_6.5 ;
    %load/vec4 v0x5644dd8fc410_0;
    %load/vec4 v0x5644dd8fc720_0;
    %pushi/vec4 188, 0, 8;
    %cmp/ne;
    %flag_get/vec4 4;
    %and;
    %flag_set/vec4 8;
    %jmp/0xz  T_6.6, 8;
    %pushi/vec4 1, 0, 1;
    %assign/vec4 v0x5644dd8fcce0_0, 0;
    %jmp T_6.7;
T_6.6 ;
    %pushi/vec4 0, 0, 1;
    %assign/vec4 v0x5644dd8fcce0_0, 0;
T_6.7 ;
    %load/vec4 v0x5644dd8fc410_0;
    %inv;
    %load/vec4 v0x5644dd8fcbb0_0;
    %inv;
    %and;
    %flag_set/vec4 8;
    %jmp/0xz  T_6.8, 8;
    %pushi/vec4 188, 0, 8;
    %assign/vec4 v0x5644dd8fcaf0_0, 0;
    %jmp T_6.9;
T_6.8 ;
    %load/vec4 v0x5644dd8fc720_0;
    %assign/vec4 v0x5644dd8fcaf0_0, 0;
T_6.9 ;
T_6.1 ;
    %jmp T_6;
    .thread T_6, $push;
    .scope S_0x5644dd8f9170;
T_7 ;
    %pushi/vec4 0, 0, 3;
    %store/vec4 v0x5644dd8f94a0_0, 0, 3;
    %pushi/vec4 0, 0, 8;
    %store/vec4 v0x5644dd8f97d0_0, 0, 8;
    %pushi/vec4 0, 0, 16;
    %store/vec4 v0x5644dd8f98b0_0, 0, 16;
    %pushi/vec4 0, 0, 24;
    %store/vec4 v0x5644dd8f9990_0, 0, 24;
    %pushi/vec4 0, 0, 32;
    %store/vec4 v0x5644dd8f9a70_0, 0, 32;
    %pushi/vec4 0, 0, 32;
    %store/vec4 v0x5644dd8f9b50_0, 0, 32;
    %pushi/vec4 0, 0, 32;
    %store/vec4 v0x5644dd8f9c30_0, 0, 32;
    %pushi/vec4 0, 0, 1;
    %store/vec4 v0x5644dd8f9d10_0, 0, 1;
    %pushi/vec4 0, 0, 1;
    %store/vec4 v0x5644dd8f9540_0, 0, 1;
    %end;
    .thread T_7;
    .scope S_0x5644dd8f9170;
T_8 ;
    %wait E_0x5644dd8e41f0;
    %load/vec4 v0x5644dd8f9f70_0;
    %pad/u 32;
    %cmpi/e 1, 0, 32;
    %jmp/0xz  T_8.0, 4;
    %pushi/vec4 0, 0, 3;
    %assign/vec4 v0x5644dd8f94a0_0, 0;
    %jmp T_8.1;
T_8.0 ;
    %load/vec4 v0x5644dd8f95e0_0;
    %pad/u 32;
    %cmpi/e 0, 0, 32;
    %jmp/0xz  T_8.2, 4;
    %load/vec4 v0x5644dd8f94a0_0;
    %pad/u 32;
    %cmpi/e 4, 0, 32;
    %jmp/0xz  T_8.4, 4;
    %load/vec4 v0x5644dd8f96f0_0;
    %assign/vec4 v0x5644dd8f97d0_0, 0;
    %pushi/vec4 0, 0, 16;
    %assign/vec4 v0x5644dd8f98b0_0, 0;
    %pushi/vec4 0, 0, 24;
    %assign/vec4 v0x5644dd8f9990_0, 0;
    %pushi/vec4 0, 0, 32;
    %assign/vec4 v0x5644dd8f9a70_0, 0;
    %load/vec4 v0x5644dd8f9a70_0;
    %assign/vec4 v0x5644dd8f9b50_0, 0;
    %pushi/vec4 1, 0, 1;
    %assign/vec4 v0x5644dd8f9d10_0, 0;
T_8.4 ;
    %load/vec4 v0x5644dd8f94a0_0;
    %pad/u 32;
    %cmpi/u 0, 0, 32;
    %flag_or 5, 4; GT is !LE
    %flag_inv 5;
    %jmp/0xz  T_8.6, 5;
    %load/vec4 v0x5644dd8f94a0_0;
    %subi 1, 0, 3;
    %assign/vec4 v0x5644dd8f94a0_0, 0;
    %jmp T_8.7;
T_8.6 ;
    %pushi/vec4 0, 0, 1;
    %assign/vec4 v0x5644dd8f9d10_0, 0;
    %pushi/vec4 0, 0, 3;
    %assign/vec4 v0x5644dd8f94a0_0, 0;
T_8.7 ;
    %jmp T_8.3;
T_8.2 ;
    %load/vec4 v0x5644dd8f94a0_0;
    %pad/u 32;
    %cmpi/e 4, 0, 32;
    %jmp/0xz  T_8.8, 4;
    %load/vec4 v0x5644dd8f96f0_0;
    %assign/vec4 v0x5644dd8f97d0_0, 0;
    %pushi/vec4 0, 0, 16;
    %assign/vec4 v0x5644dd8f98b0_0, 0;
    %pushi/vec4 0, 0, 24;
    %assign/vec4 v0x5644dd8f9990_0, 0;
    %pushi/vec4 0, 0, 32;
    %assign/vec4 v0x5644dd8f9a70_0, 0;
    %load/vec4 v0x5644dd8f9a70_0;
    %assign/vec4 v0x5644dd8f9b50_0, 0;
    %pushi/vec4 1, 0, 3;
    %assign/vec4 v0x5644dd8f94a0_0, 0;
    %pushi/vec4 1, 0, 1;
    %assign/vec4 v0x5644dd8f9d10_0, 0;
    %jmp T_8.9;
T_8.8 ;
    %load/vec4 v0x5644dd8f96f0_0;
    %assign/vec4 v0x5644dd8f97d0_0, 0;
    %load/vec4 v0x5644dd8f96f0_0;
    %pad/u 16;
    %load/vec4 v0x5644dd8f97d0_0;
    %pad/u 16;
    %muli 256, 0, 16;
    %add;
    %assign/vec4 v0x5644dd8f98b0_0, 0;
    %load/vec4 v0x5644dd8f96f0_0;
    %pad/u 24;
    %load/vec4 v0x5644dd8f98b0_0;
    %pad/u 24;
    %muli 256, 0, 24;
    %add;
    %assign/vec4 v0x5644dd8f9990_0, 0;
    %load/vec4 v0x5644dd8f96f0_0;
    %pad/u 32;
    %load/vec4 v0x5644dd8f9990_0;
    %pad/u 32;
    %muli 256, 0, 32;
    %add;
    %assign/vec4 v0x5644dd8f9a70_0, 0;
    %load/vec4 v0x5644dd8f94a0_0;
    %addi 1, 0, 3;
    %assign/vec4 v0x5644dd8f94a0_0, 0;
T_8.9 ;
T_8.3 ;
T_8.1 ;
    %jmp T_8;
    .thread T_8;
    .scope S_0x5644dd8f9170;
T_9 ;
    %wait E_0x5644dd8e3e90;
    %load/vec4 v0x5644dd8f9d10_0;
    %assign/vec4 v0x5644dd8f9540_0, 0;
    %load/vec4 v0x5644dd8f9b50_0;
    %assign/vec4 v0x5644dd8f9c30_0, 0;
    %jmp T_9;
    .thread T_9;
    .scope S_0x5644dd8f9170;
T_10 ;
    %wait E_0x5644dd852100;
    %pushi/vec4 0, 0, 32;
    %store/vec4 v0x5644dd8f9e90_0, 0, 32;
    %pushi/vec4 0, 0, 1;
    %store/vec4 v0x5644dd8f9dd0_0, 0, 1;
    %load/vec4 v0x5644dd8f9f70_0;
    %pad/u 32;
    %cmpi/e 1, 0, 32;
    %jmp/0xz  T_10.0, 4;
    %pushi/vec4 0, 0, 1;
    %store/vec4 v0x5644dd8f9dd0_0, 0, 1;
    %pushi/vec4 0, 0, 32;
    %store/vec4 v0x5644dd8f9e90_0, 0, 32;
    %jmp T_10.1;
T_10.0 ;
    %load/vec4 v0x5644dd8f9c30_0;
    %store/vec4 v0x5644dd8f9e90_0, 0, 32;
    %load/vec4 v0x5644dd8f9540_0;
    %store/vec4 v0x5644dd8f9dd0_0, 0, 1;
T_10.1 ;
    %jmp T_10;
    .thread T_10, $push;
    .scope S_0x5644dd8fa0d0;
T_11 ;
    %pushi/vec4 0, 0, 3;
    %store/vec4 v0x5644dd8fa590_0, 0, 3;
    %pushi/vec4 0, 0, 8;
    %store/vec4 v0x5644dd8fa8e0_0, 0, 8;
    %pushi/vec4 0, 0, 16;
    %store/vec4 v0x5644dd8fa9c0_0, 0, 16;
    %pushi/vec4 0, 0, 24;
    %store/vec4 v0x5644dd8faaa0_0, 0, 24;
    %pushi/vec4 0, 0, 32;
    %store/vec4 v0x5644dd8fab80_0, 0, 32;
    %pushi/vec4 0, 0, 32;
    %store/vec4 v0x5644dd8fac60_0, 0, 32;
    %pushi/vec4 0, 0, 32;
    %store/vec4 v0x5644dd8fad40_0, 0, 32;
    %pushi/vec4 0, 0, 1;
    %store/vec4 v0x5644dd8fae20_0, 0, 1;
    %pushi/vec4 0, 0, 1;
    %store/vec4 v0x5644dd8fa630_0, 0, 1;
    %end;
    .thread T_11;
    .scope S_0x5644dd8fa0d0;
T_12 ;
    %wait E_0x5644dd8e41f0;
    %load/vec4 v0x5644dd8fb080_0;
    %pad/u 32;
    %cmpi/e 1, 0, 32;
    %jmp/0xz  T_12.0, 4;
    %pushi/vec4 0, 0, 3;
    %assign/vec4 v0x5644dd8fa590_0, 0;
    %jmp T_12.1;
T_12.0 ;
    %load/vec4 v0x5644dd8fa6f0_0;
    %pad/u 32;
    %cmpi/e 0, 0, 32;
    %jmp/0xz  T_12.2, 4;
    %load/vec4 v0x5644dd8fa590_0;
    %pad/u 32;
    %cmpi/e 4, 0, 32;
    %jmp/0xz  T_12.4, 4;
    %load/vec4 v0x5644dd8fa800_0;
    %assign/vec4 v0x5644dd8fa8e0_0, 0;
    %pushi/vec4 0, 0, 16;
    %assign/vec4 v0x5644dd8fa9c0_0, 0;
    %pushi/vec4 0, 0, 24;
    %assign/vec4 v0x5644dd8faaa0_0, 0;
    %pushi/vec4 0, 0, 32;
    %assign/vec4 v0x5644dd8fab80_0, 0;
    %load/vec4 v0x5644dd8fab80_0;
    %assign/vec4 v0x5644dd8fac60_0, 0;
    %pushi/vec4 1, 0, 1;
    %assign/vec4 v0x5644dd8fae20_0, 0;
T_12.4 ;
    %load/vec4 v0x5644dd8fa590_0;
    %pad/u 32;
    %cmpi/u 0, 0, 32;
    %flag_or 5, 4; GT is !LE
    %flag_inv 5;
    %jmp/0xz  T_12.6, 5;
    %load/vec4 v0x5644dd8fa590_0;
    %subi 1, 0, 3;
    %assign/vec4 v0x5644dd8fa590_0, 0;
    %jmp T_12.7;
T_12.6 ;
    %pushi/vec4 0, 0, 1;
    %assign/vec4 v0x5644dd8fae20_0, 0;
    %pushi/vec4 0, 0, 3;
    %assign/vec4 v0x5644dd8fa590_0, 0;
T_12.7 ;
    %jmp T_12.3;
T_12.2 ;
    %load/vec4 v0x5644dd8fa590_0;
    %pad/u 32;
    %cmpi/e 4, 0, 32;
    %jmp/0xz  T_12.8, 4;
    %load/vec4 v0x5644dd8fa800_0;
    %assign/vec4 v0x5644dd8fa8e0_0, 0;
    %pushi/vec4 0, 0, 16;
    %assign/vec4 v0x5644dd8fa9c0_0, 0;
    %pushi/vec4 0, 0, 24;
    %assign/vec4 v0x5644dd8faaa0_0, 0;
    %pushi/vec4 0, 0, 32;
    %assign/vec4 v0x5644dd8fab80_0, 0;
    %load/vec4 v0x5644dd8fab80_0;
    %assign/vec4 v0x5644dd8fac60_0, 0;
    %pushi/vec4 1, 0, 3;
    %assign/vec4 v0x5644dd8fa590_0, 0;
    %pushi/vec4 1, 0, 1;
    %assign/vec4 v0x5644dd8fae20_0, 0;
    %jmp T_12.9;
T_12.8 ;
    %load/vec4 v0x5644dd8fa800_0;
    %assign/vec4 v0x5644dd8fa8e0_0, 0;
    %load/vec4 v0x5644dd8fa800_0;
    %pad/u 16;
    %load/vec4 v0x5644dd8fa8e0_0;
    %pad/u 16;
    %muli 256, 0, 16;
    %add;
    %assign/vec4 v0x5644dd8fa9c0_0, 0;
    %load/vec4 v0x5644dd8fa800_0;
    %pad/u 24;
    %load/vec4 v0x5644dd8fa9c0_0;
    %pad/u 24;
    %muli 256, 0, 24;
    %add;
    %assign/vec4 v0x5644dd8faaa0_0, 0;
    %load/vec4 v0x5644dd8fa800_0;
    %pad/u 32;
    %load/vec4 v0x5644dd8faaa0_0;
    %pad/u 32;
    %muli 256, 0, 32;
    %add;
    %assign/vec4 v0x5644dd8fab80_0, 0;
    %load/vec4 v0x5644dd8fa590_0;
    %addi 1, 0, 3;
    %assign/vec4 v0x5644dd8fa590_0, 0;
T_12.9 ;
T_12.3 ;
T_12.1 ;
    %jmp T_12;
    .thread T_12;
    .scope S_0x5644dd8fa0d0;
T_13 ;
    %wait E_0x5644dd8e3e90;
    %load/vec4 v0x5644dd8fae20_0;
    %assign/vec4 v0x5644dd8fa630_0, 0;
    %load/vec4 v0x5644dd8fac60_0;
    %assign/vec4 v0x5644dd8fad40_0, 0;
    %jmp T_13;
    .thread T_13;
    .scope S_0x5644dd8fa0d0;
T_14 ;
    %wait E_0x5644dd8fa310;
    %pushi/vec4 0, 0, 32;
    %store/vec4 v0x5644dd8fafa0_0, 0, 32;
    %pushi/vec4 0, 0, 1;
    %store/vec4 v0x5644dd8faee0_0, 0, 1;
    %load/vec4 v0x5644dd8fb080_0;
    %pad/u 32;
    %cmpi/e 1, 0, 32;
    %jmp/0xz  T_14.0, 4;
    %pushi/vec4 0, 0, 1;
    %store/vec4 v0x5644dd8faee0_0, 0, 1;
    %pushi/vec4 0, 0, 32;
    %store/vec4 v0x5644dd8fafa0_0, 0, 32;
    %jmp T_14.1;
T_14.0 ;
    %load/vec4 v0x5644dd8fad40_0;
    %store/vec4 v0x5644dd8fafa0_0, 0, 32;
    %load/vec4 v0x5644dd8fa630_0;
    %store/vec4 v0x5644dd8faee0_0, 0, 1;
T_14.1 ;
    %jmp T_14;
    .thread T_14, $push;
    .scope S_0x5644dd8fce40;
T_15 ;
    %wait E_0x5644dd86fd70;
    %load/vec4 v0x5644dd8fd570_0;
    %pad/u 32;
    %cmpi/e 1, 0, 32;
    %jmp/0xz  T_15.0, 4;
    %pushi/vec4 0, 0, 2;
    %assign/vec4 v0x5644dd8fd2b0_0, 0;
    %jmp T_15.1;
T_15.0 ;
    %load/vec4 v0x5644dd8fd6e0_0;
    %pad/u 32;
    %cmpi/e 1, 0, 32;
    %jmp/0xz  T_15.2, 4;
    %load/vec4 v0x5644dd8fd6e0_0;
    %assign/vec4 v0x5644dd8fd840_0, 0;
    %load/vec4 v0x5644dd8fd2b0_0;
    %pad/u 32;
    %cmpi/e 1, 0, 32;
    %jmp/0xz  T_15.4, 4;
    %load/vec4 v0x5644dd8fd4a0_0;
    %assign/vec4 v0x5644dd8fd1c0_0, 0;
    %load/vec4 v0x5644dd8fd2b0_0;
    %addi 1, 0, 2;
    %assign/vec4 v0x5644dd8fd2b0_0, 0;
T_15.4 ;
    %load/vec4 v0x5644dd8fd2b0_0;
    %pad/u 32;
    %cmpi/e 3, 0, 32;
    %jmp/0xz  T_15.6, 4;
    %load/vec4 v0x5644dd8fd4a0_0;
    %assign/vec4 v0x5644dd8fd1c0_0, 0;
    %load/vec4 v0x5644dd8fd2b0_0;
    %addi 1, 0, 2;
    %assign/vec4 v0x5644dd8fd2b0_0, 0;
    %jmp T_15.7;
T_15.6 ;
    %load/vec4 v0x5644dd8fd6e0_0;
    %assign/vec4 v0x5644dd8fd840_0, 0;
    %load/vec4 v0x5644dd8fd2b0_0;
    %addi 1, 0, 2;
    %assign/vec4 v0x5644dd8fd2b0_0, 0;
T_15.7 ;
T_15.2 ;
    %load/vec4 v0x5644dd8fd610_0;
    %pad/u 32;
    %cmpi/e 1, 0, 32;
    %jmp/0xz  T_15.8, 4;
    %load/vec4 v0x5644dd8fd610_0;
    %assign/vec4 v0x5644dd8fd840_0, 0;
    %load/vec4 v0x5644dd8fd2b0_0;
    %pad/u 32;
    %cmpi/e 0, 0, 32;
    %jmp/0xz  T_15.10, 4;
    %load/vec4 v0x5644dd8fd390_0;
    %assign/vec4 v0x5644dd8fd1c0_0, 0;
    %load/vec4 v0x5644dd8fd2b0_0;
    %addi 1, 0, 2;
    %assign/vec4 v0x5644dd8fd2b0_0, 0;
T_15.10 ;
    %load/vec4 v0x5644dd8fd2b0_0;
    %pad/u 32;
    %cmpi/e 2, 0, 32;
    %jmp/0xz  T_15.12, 4;
    %load/vec4 v0x5644dd8fd390_0;
    %assign/vec4 v0x5644dd8fd1c0_0, 0;
    %load/vec4 v0x5644dd8fd2b0_0;
    %addi 1, 0, 2;
    %assign/vec4 v0x5644dd8fd2b0_0, 0;
T_15.12 ;
    %jmp T_15.9;
T_15.8 ;
    %pushi/vec4 0, 0, 32;
    %assign/vec4 v0x5644dd8fd1c0_0, 0;
    %pushi/vec4 0, 0, 1;
    %assign/vec4 v0x5644dd8fd840_0, 0;
    %pushi/vec4 0, 0, 2;
    %assign/vec4 v0x5644dd8fd2b0_0, 0;
T_15.9 ;
T_15.1 ;
    %jmp T_15;
    .thread T_15;
    .scope S_0x5644dd8fce40;
T_16 ;
    %wait E_0x5644dd86fd70;
    %load/vec4 v0x5644dd8fd1c0_0;
    %assign/vec4 v0x5644dd8fd100_0, 0;
    %load/vec4 v0x5644dd8fd840_0;
    %assign/vec4 v0x5644dd8fd8e0_0, 0;
    %jmp T_16;
    .thread T_16;
    .scope S_0x5644dd883140;
T_17 ;
    %vpi_call 7 16 "$dumpfile", "phy_rx.vcd" {0 0 0};
    %vpi_call 7 17 "$dumpvars" {0 0 0};
    %pushi/vec4 0, 0, 1;
    %assign/vec4 v0x5644dd8ff090_0, 0;
    %pushi/vec4 1, 0, 1;
    %assign/vec4 v0x5644dd8ff150_0, 0;
    %wait E_0x5644dd8feb90;
    %pushi/vec4 1, 0, 1;
    %assign/vec4 v0x5644dd8ff150_0, 0;
    %pushi/vec4 1, 0, 1;
    %assign/vec4 v0x5644dd8ff090_0, 0;
    %wait E_0x5644dd8feb90;
    %pushi/vec4 0, 0, 1;
    %assign/vec4 v0x5644dd8ff150_0, 0;
    %pushi/vec4 1, 0, 1;
    %assign/vec4 v0x5644dd8fec10_0, 0;
    %pushi/vec4 0, 0, 1;
    %assign/vec4 v0x5644dd8fecf0_0, 0;
    %wait E_0x5644dd8feb90;
    %pushi/vec4 0, 0, 1;
    %assign/vec4 v0x5644dd8fec10_0, 0;
    %pushi/vec4 1, 0, 1;
    %assign/vec4 v0x5644dd8fecf0_0, 0;
    %wait E_0x5644dd8feb90;
    %pushi/vec4 1, 0, 1;
    %assign/vec4 v0x5644dd8fec10_0, 0;
    %pushi/vec4 0, 0, 1;
    %assign/vec4 v0x5644dd8fecf0_0, 0;
    %wait E_0x5644dd8feb90;
    %pushi/vec4 1, 0, 1;
    %assign/vec4 v0x5644dd8fec10_0, 0;
    %pushi/vec4 0, 0, 1;
    %assign/vec4 v0x5644dd8fecf0_0, 0;
    %wait E_0x5644dd8feb90;
    %pushi/vec4 1, 0, 1;
    %assign/vec4 v0x5644dd8fec10_0, 0;
    %pushi/vec4 0, 0, 1;
    %assign/vec4 v0x5644dd8fecf0_0, 0;
    %wait E_0x5644dd8feb90;
    %pushi/vec4 0, 0, 1;
    %assign/vec4 v0x5644dd8fec10_0, 0;
    %pushi/vec4 1, 0, 1;
    %assign/vec4 v0x5644dd8fecf0_0, 0;
    %wait E_0x5644dd8feb90;
    %pushi/vec4 0, 0, 1;
    %assign/vec4 v0x5644dd8fec10_0, 0;
    %pushi/vec4 1, 0, 1;
    %assign/vec4 v0x5644dd8fecf0_0, 0;
    %wait E_0x5644dd8feb90;
    %pushi/vec4 1, 0, 1;
    %assign/vec4 v0x5644dd8fec10_0, 0;
    %pushi/vec4 0, 0, 1;
    %assign/vec4 v0x5644dd8fecf0_0, 0;
    %wait E_0x5644dd8feb90;
    %pushi/vec4 1, 0, 1;
    %assign/vec4 v0x5644dd8fec10_0, 0;
    %pushi/vec4 0, 0, 1;
    %assign/vec4 v0x5644dd8fecf0_0, 0;
    %wait E_0x5644dd8feb90;
    %pushi/vec4 0, 0, 1;
    %assign/vec4 v0x5644dd8fec10_0, 0;
    %pushi/vec4 1, 0, 1;
    %assign/vec4 v0x5644dd8fecf0_0, 0;
    %wait E_0x5644dd8feb90;
    %pushi/vec4 1, 0, 1;
    %assign/vec4 v0x5644dd8fec10_0, 0;
    %pushi/vec4 1, 0, 1;
    %assign/vec4 v0x5644dd8fecf0_0, 0;
    %wait E_0x5644dd8feb90;
    %pushi/vec4 0, 0, 1;
    %assign/vec4 v0x5644dd8fec10_0, 0;
    %pushi/vec4 0, 0, 1;
    %assign/vec4 v0x5644dd8fecf0_0, 0;
    %wait E_0x5644dd8feb90;
    %pushi/vec4 1, 0, 1;
    %assign/vec4 v0x5644dd8fec10_0, 0;
    %pushi/vec4 1, 0, 1;
    %assign/vec4 v0x5644dd8fecf0_0, 0;
    %wait E_0x5644dd8feb90;
    %pushi/vec4 1, 0, 1;
    %assign/vec4 v0x5644dd8fec10_0, 0;
    %pushi/vec4 1, 0, 1;
    %assign/vec4 v0x5644dd8fecf0_0, 0;
    %wait E_0x5644dd8feb90;
    %pushi/vec4 1, 0, 1;
    %assign/vec4 v0x5644dd8fec10_0, 0;
    %pushi/vec4 1, 0, 1;
    %assign/vec4 v0x5644dd8fecf0_0, 0;
    %wait E_0x5644dd8feb90;
    %pushi/vec4 1, 0, 1;
    %assign/vec4 v0x5644dd8fec10_0, 0;
    %pushi/vec4 1, 0, 1;
    %assign/vec4 v0x5644dd8fecf0_0, 0;
    %wait E_0x5644dd8feb90;
    %pushi/vec4 0, 0, 1;
    %assign/vec4 v0x5644dd8fec10_0, 0;
    %pushi/vec4 0, 0, 1;
    %assign/vec4 v0x5644dd8fecf0_0, 0;
    %wait E_0x5644dd8feb90;
    %pushi/vec4 0, 0, 1;
    %assign/vec4 v0x5644dd8fec10_0, 0;
    %pushi/vec4 0, 0, 1;
    %assign/vec4 v0x5644dd8fecf0_0, 0;
    %wait E_0x5644dd8feb90;
    %pushi/vec4 1, 0, 1;
    %assign/vec4 v0x5644dd8fec10_0, 0;
    %pushi/vec4 1, 0, 1;
    %assign/vec4 v0x5644dd8fecf0_0, 0;
    %wait E_0x5644dd8feb90;
    %pushi/vec4 0, 0, 1;
    %assign/vec4 v0x5644dd8fec10_0, 0;
    %pushi/vec4 0, 0, 1;
    %assign/vec4 v0x5644dd8fecf0_0, 0;
    %wait E_0x5644dd8feb90;
    %pushi/vec4 1, 0, 1;
    %assign/vec4 v0x5644dd8fec10_0, 0;
    %pushi/vec4 1, 0, 1;
    %assign/vec4 v0x5644dd8fecf0_0, 0;
    %wait E_0x5644dd8feb90;
    %pushi/vec4 1, 0, 1;
    %assign/vec4 v0x5644dd8fec10_0, 0;
    %pushi/vec4 1, 0, 1;
    %assign/vec4 v0x5644dd8fecf0_0, 0;
    %wait E_0x5644dd8feb90;
    %pushi/vec4 1, 0, 1;
    %assign/vec4 v0x5644dd8fec10_0, 0;
    %pushi/vec4 1, 0, 1;
    %assign/vec4 v0x5644dd8fecf0_0, 0;
    %wait E_0x5644dd8feb90;
    %pushi/vec4 1, 0, 1;
    %assign/vec4 v0x5644dd8fec10_0, 0;
    %pushi/vec4 1, 0, 1;
    %assign/vec4 v0x5644dd8fecf0_0, 0;
    %wait E_0x5644dd8feb90;
    %pushi/vec4 0, 0, 1;
    %assign/vec4 v0x5644dd8fec10_0, 0;
    %pushi/vec4 0, 0, 1;
    %assign/vec4 v0x5644dd8fecf0_0, 0;
    %wait E_0x5644dd8feb90;
    %pushi/vec4 0, 0, 1;
    %assign/vec4 v0x5644dd8fec10_0, 0;
    %pushi/vec4 0, 0, 1;
    %assign/vec4 v0x5644dd8fecf0_0, 0;
    %wait E_0x5644dd8feb90;
    %pushi/vec4 1, 0, 1;
    %assign/vec4 v0x5644dd8fec10_0, 0;
    %pushi/vec4 1, 0, 1;
    %assign/vec4 v0x5644dd8fecf0_0, 0;
    %wait E_0x5644dd8feb90;
    %pushi/vec4 0, 0, 1;
    %assign/vec4 v0x5644dd8fec10_0, 0;
    %pushi/vec4 0, 0, 1;
    %assign/vec4 v0x5644dd8fecf0_0, 0;
    %wait E_0x5644dd8feb90;
    %pushi/vec4 1, 0, 1;
    %assign/vec4 v0x5644dd8fec10_0, 0;
    %pushi/vec4 1, 0, 1;
    %assign/vec4 v0x5644dd8fecf0_0, 0;
    %wait E_0x5644dd8feb90;
    %pushi/vec4 1, 0, 1;
    %assign/vec4 v0x5644dd8fec10_0, 0;
    %pushi/vec4 1, 0, 1;
    %assign/vec4 v0x5644dd8fecf0_0, 0;
    %wait E_0x5644dd8feb90;
    %pushi/vec4 1, 0, 1;
    %assign/vec4 v0x5644dd8fec10_0, 0;
    %pushi/vec4 1, 0, 1;
    %assign/vec4 v0x5644dd8fecf0_0, 0;
    %wait E_0x5644dd8feb90;
    %pushi/vec4 1, 0, 1;
    %assign/vec4 v0x5644dd8fec10_0, 0;
    %pushi/vec4 1, 0, 1;
    %assign/vec4 v0x5644dd8fecf0_0, 0;
    %wait E_0x5644dd8feb90;
    %pushi/vec4 0, 0, 1;
    %assign/vec4 v0x5644dd8fec10_0, 0;
    %pushi/vec4 0, 0, 1;
    %assign/vec4 v0x5644dd8fecf0_0, 0;
    %wait E_0x5644dd8feb90;
    %pushi/vec4 0, 0, 1;
    %assign/vec4 v0x5644dd8fec10_0, 0;
    %pushi/vec4 0, 0, 1;
    %assign/vec4 v0x5644dd8fecf0_0, 0;
    %wait E_0x5644dd8feb90;
    %pushi/vec4 1, 0, 1;
    %assign/vec4 v0x5644dd8fec10_0, 0;
    %pushi/vec4 1, 0, 1;
    %assign/vec4 v0x5644dd8fecf0_0, 0;
    %wait E_0x5644dd8feb90;
    %pushi/vec4 0, 0, 1;
    %assign/vec4 v0x5644dd8fec10_0, 0;
    %pushi/vec4 0, 0, 1;
    %assign/vec4 v0x5644dd8fecf0_0, 0;
    %wait E_0x5644dd8feb90;
    %pushi/vec4 1, 0, 1;
    %assign/vec4 v0x5644dd8fec10_0, 0;
    %pushi/vec4 1, 0, 1;
    %assign/vec4 v0x5644dd8fecf0_0, 0;
    %wait E_0x5644dd8feb90;
    %pushi/vec4 1, 0, 1;
    %assign/vec4 v0x5644dd8fec10_0, 0;
    %pushi/vec4 1, 0, 1;
    %assign/vec4 v0x5644dd8fecf0_0, 0;
    %wait E_0x5644dd8feb90;
    %pushi/vec4 1, 0, 1;
    %assign/vec4 v0x5644dd8fec10_0, 0;
    %pushi/vec4 1, 0, 1;
    %assign/vec4 v0x5644dd8fecf0_0, 0;
    %wait E_0x5644dd8feb90;
    %pushi/vec4 1, 0, 1;
    %assign/vec4 v0x5644dd8fec10_0, 0;
    %pushi/vec4 1, 0, 1;
    %assign/vec4 v0x5644dd8fecf0_0, 0;
    %wait E_0x5644dd8feb90;
    %pushi/vec4 0, 0, 1;
    %assign/vec4 v0x5644dd8fec10_0, 0;
    %pushi/vec4 0, 0, 1;
    %assign/vec4 v0x5644dd8fecf0_0, 0;
    %wait E_0x5644dd8feb90;
    %pushi/vec4 0, 0, 1;
    %assign/vec4 v0x5644dd8fec10_0, 0;
    %pushi/vec4 0, 0, 1;
    %assign/vec4 v0x5644dd8fecf0_0, 0;
    %wait E_0x5644dd8feb90;
    %pushi/vec4 0, 0, 1;
    %assign/vec4 v0x5644dd8fec10_0, 0;
    %pushi/vec4 1, 0, 1;
    %assign/vec4 v0x5644dd8fecf0_0, 0;
    %wait E_0x5644dd8feb90;
    %pushi/vec4 0, 0, 1;
    %assign/vec4 v0x5644dd8fec10_0, 0;
    %pushi/vec4 1, 0, 1;
    %assign/vec4 v0x5644dd8fecf0_0, 0;
    %wait E_0x5644dd8feb90;
    %pushi/vec4 1, 0, 1;
    %assign/vec4 v0x5644dd8fec10_0, 0;
    %pushi/vec4 1, 0, 1;
    %assign/vec4 v0x5644dd8fecf0_0, 0;
    %wait E_0x5644dd8feb90;
    %pushi/vec4 1, 0, 1;
    %assign/vec4 v0x5644dd8fec10_0, 0;
    %pushi/vec4 1, 0, 1;
    %assign/vec4 v0x5644dd8fecf0_0, 0;
    %wait E_0x5644dd8feb90;
    %pushi/vec4 1, 0, 1;
    %assign/vec4 v0x5644dd8fec10_0, 0;
    %pushi/vec4 0, 0, 1;
    %assign/vec4 v0x5644dd8fecf0_0, 0;
    %wait E_0x5644dd8feb90;
    %pushi/vec4 0, 0, 1;
    %assign/vec4 v0x5644dd8fec10_0, 0;
    %pushi/vec4 1, 0, 1;
    %assign/vec4 v0x5644dd8fecf0_0, 0;
    %wait E_0x5644dd8feb90;
    %pushi/vec4 0, 0, 1;
    %assign/vec4 v0x5644dd8fec10_0, 0;
    %pushi/vec4 0, 0, 1;
    %assign/vec4 v0x5644dd8fecf0_0, 0;
    %wait E_0x5644dd8feb90;
    %pushi/vec4 1, 0, 1;
    %assign/vec4 v0x5644dd8fec10_0, 0;
    %pushi/vec4 1, 0, 1;
    %assign/vec4 v0x5644dd8fecf0_0, 0;
    %wait E_0x5644dd8feb90;
    %pushi/vec4 0, 0, 1;
    %assign/vec4 v0x5644dd8fec10_0, 0;
    %pushi/vec4 0, 0, 1;
    %assign/vec4 v0x5644dd8fecf0_0, 0;
    %wait E_0x5644dd8feb90;
    %pushi/vec4 1, 0, 1;
    %assign/vec4 v0x5644dd8fec10_0, 0;
    %pushi/vec4 1, 0, 1;
    %assign/vec4 v0x5644dd8fecf0_0, 0;
    %wait E_0x5644dd8feb90;
    %pushi/vec4 1, 0, 1;
    %assign/vec4 v0x5644dd8fec10_0, 0;
    %pushi/vec4 1, 0, 1;
    %assign/vec4 v0x5644dd8fecf0_0, 0;
    %wait E_0x5644dd8feb90;
    %pushi/vec4 1, 0, 1;
    %assign/vec4 v0x5644dd8fec10_0, 0;
    %pushi/vec4 1, 0, 1;
    %assign/vec4 v0x5644dd8fecf0_0, 0;
    %wait E_0x5644dd8feb90;
    %pushi/vec4 1, 0, 1;
    %assign/vec4 v0x5644dd8fec10_0, 0;
    %pushi/vec4 1, 0, 1;
    %assign/vec4 v0x5644dd8fecf0_0, 0;
    %wait E_0x5644dd8feb90;
    %pushi/vec4 0, 0, 1;
    %assign/vec4 v0x5644dd8fec10_0, 0;
    %pushi/vec4 0, 0, 1;
    %assign/vec4 v0x5644dd8fecf0_0, 0;
    %wait E_0x5644dd8feb90;
    %pushi/vec4 0, 0, 1;
    %assign/vec4 v0x5644dd8fec10_0, 0;
    %pushi/vec4 0, 0, 1;
    %assign/vec4 v0x5644dd8fecf0_0, 0;
    %wait E_0x5644dd8feb90;
    %pushi/vec4 1, 0, 1;
    %assign/vec4 v0x5644dd8fec10_0, 0;
    %pushi/vec4 1, 0, 1;
    %assign/vec4 v0x5644dd8fecf0_0, 0;
    %wait E_0x5644dd8feb90;
    %pushi/vec4 0, 0, 1;
    %assign/vec4 v0x5644dd8fec10_0, 0;
    %pushi/vec4 0, 0, 1;
    %assign/vec4 v0x5644dd8fecf0_0, 0;
    %wait E_0x5644dd8feb90;
    %pushi/vec4 1, 0, 1;
    %assign/vec4 v0x5644dd8fec10_0, 0;
    %pushi/vec4 1, 0, 1;
    %assign/vec4 v0x5644dd8fecf0_0, 0;
    %wait E_0x5644dd8feb90;
    %pushi/vec4 1, 0, 1;
    %assign/vec4 v0x5644dd8fec10_0, 0;
    %pushi/vec4 1, 0, 1;
    %assign/vec4 v0x5644dd8fecf0_0, 0;
    %wait E_0x5644dd8feb90;
    %pushi/vec4 1, 0, 1;
    %assign/vec4 v0x5644dd8fec10_0, 0;
    %pushi/vec4 1, 0, 1;
    %assign/vec4 v0x5644dd8fecf0_0, 0;
    %wait E_0x5644dd8feb90;
    %pushi/vec4 1, 0, 1;
    %assign/vec4 v0x5644dd8fec10_0, 0;
    %pushi/vec4 1, 0, 1;
    %assign/vec4 v0x5644dd8fecf0_0, 0;
    %wait E_0x5644dd8feb90;
    %pushi/vec4 0, 0, 1;
    %assign/vec4 v0x5644dd8fec10_0, 0;
    %pushi/vec4 0, 0, 1;
    %assign/vec4 v0x5644dd8fecf0_0, 0;
    %wait E_0x5644dd8feb90;
    %pushi/vec4 0, 0, 1;
    %assign/vec4 v0x5644dd8fec10_0, 0;
    %pushi/vec4 0, 0, 1;
    %assign/vec4 v0x5644dd8fecf0_0, 0;
    %wait E_0x5644dd8feb90;
    %pushi/vec4 1, 0, 1;
    %assign/vec4 v0x5644dd8fec10_0, 0;
    %pushi/vec4 1, 0, 1;
    %assign/vec4 v0x5644dd8fecf0_0, 0;
    %wait E_0x5644dd8feb90;
    %pushi/vec4 0, 0, 1;
    %assign/vec4 v0x5644dd8fec10_0, 0;
    %pushi/vec4 0, 0, 1;
    %assign/vec4 v0x5644dd8fecf0_0, 0;
    %wait E_0x5644dd8feb90;
    %pushi/vec4 1, 0, 1;
    %assign/vec4 v0x5644dd8fec10_0, 0;
    %pushi/vec4 1, 0, 1;
    %assign/vec4 v0x5644dd8fecf0_0, 0;
    %wait E_0x5644dd8feb90;
    %pushi/vec4 1, 0, 1;
    %assign/vec4 v0x5644dd8fec10_0, 0;
    %pushi/vec4 1, 0, 1;
    %assign/vec4 v0x5644dd8fecf0_0, 0;
    %wait E_0x5644dd8feb90;
    %pushi/vec4 1, 0, 1;
    %assign/vec4 v0x5644dd8fec10_0, 0;
    %pushi/vec4 1, 0, 1;
    %assign/vec4 v0x5644dd8fecf0_0, 0;
    %wait E_0x5644dd8feb90;
    %pushi/vec4 1, 0, 1;
    %assign/vec4 v0x5644dd8fec10_0, 0;
    %pushi/vec4 1, 0, 1;
    %assign/vec4 v0x5644dd8fecf0_0, 0;
    %wait E_0x5644dd8feb90;
    %pushi/vec4 0, 0, 1;
    %assign/vec4 v0x5644dd8fec10_0, 0;
    %pushi/vec4 0, 0, 1;
    %assign/vec4 v0x5644dd8fecf0_0, 0;
    %wait E_0x5644dd8feb90;
    %pushi/vec4 0, 0, 1;
    %assign/vec4 v0x5644dd8fec10_0, 0;
    %pushi/vec4 0, 0, 1;
    %assign/vec4 v0x5644dd8fecf0_0, 0;
    %wait E_0x5644dd8feb90;
    %pushi/vec4 1, 0, 1;
    %assign/vec4 v0x5644dd8fec10_0, 0;
    %pushi/vec4 1, 0, 1;
    %assign/vec4 v0x5644dd8fecf0_0, 0;
    %wait E_0x5644dd8feb90;
    %pushi/vec4 0, 0, 1;
    %assign/vec4 v0x5644dd8fec10_0, 0;
    %pushi/vec4 0, 0, 1;
    %assign/vec4 v0x5644dd8fecf0_0, 0;
    %wait E_0x5644dd8feb90;
    %pushi/vec4 1, 0, 1;
    %assign/vec4 v0x5644dd8fec10_0, 0;
    %pushi/vec4 1, 0, 1;
    %assign/vec4 v0x5644dd8fecf0_0, 0;
    %wait E_0x5644dd8feb90;
    %pushi/vec4 1, 0, 1;
    %assign/vec4 v0x5644dd8fec10_0, 0;
    %pushi/vec4 1, 0, 1;
    %assign/vec4 v0x5644dd8fecf0_0, 0;
    %wait E_0x5644dd8feb90;
    %pushi/vec4 1, 0, 1;
    %assign/vec4 v0x5644dd8fec10_0, 0;
    %pushi/vec4 1, 0, 1;
    %assign/vec4 v0x5644dd8fecf0_0, 0;
    %wait E_0x5644dd8feb90;
    %pushi/vec4 1, 0, 1;
    %assign/vec4 v0x5644dd8fec10_0, 0;
    %pushi/vec4 1, 0, 1;
    %assign/vec4 v0x5644dd8fecf0_0, 0;
    %wait E_0x5644dd8feb90;
    %pushi/vec4 0, 0, 1;
    %assign/vec4 v0x5644dd8fec10_0, 0;
    %pushi/vec4 0, 0, 1;
    %assign/vec4 v0x5644dd8fecf0_0, 0;
    %wait E_0x5644dd8feb90;
    %pushi/vec4 0, 0, 1;
    %assign/vec4 v0x5644dd8fec10_0, 0;
    %pushi/vec4 0, 0, 1;
    %assign/vec4 v0x5644dd8fecf0_0, 0;
    %wait E_0x5644dd8feb90;
    %vpi_func 7 289 "$random" 32 {0 0 0};
    %pad/s 1;
    %assign/vec4 v0x5644dd8fec10_0, 0;
    %vpi_func 7 290 "$random" 32 {0 0 0};
    %pad/s 1;
    %assign/vec4 v0x5644dd8fecf0_0, 0;
    %wait E_0x5644dd8feb90;
    %pushi/vec4 0, 0, 1;
    %assign/vec4 v0x5644dd8fec10_0, 0;
    %pushi/vec4 0, 0, 1;
    %assign/vec4 v0x5644dd8fecf0_0, 0;
    %wait E_0x5644dd8feb90;
    %pushi/vec4 1, 0, 1;
    %assign/vec4 v0x5644dd8fec10_0, 0;
    %pushi/vec4 1, 0, 1;
    %assign/vec4 v0x5644dd8fecf0_0, 0;
    %wait E_0x5644dd8feb90;
    %pushi/vec4 0, 0, 1;
    %assign/vec4 v0x5644dd8fec10_0, 0;
    %pushi/vec4 0, 0, 1;
    %assign/vec4 v0x5644dd8fecf0_0, 0;
    %wait E_0x5644dd8feb90;
    %pushi/vec4 1, 0, 1;
    %assign/vec4 v0x5644dd8fec10_0, 0;
    %pushi/vec4 1, 0, 1;
    %assign/vec4 v0x5644dd8fecf0_0, 0;
    %wait E_0x5644dd8feb90;
    %pushi/vec4 0, 0, 1;
    %assign/vec4 v0x5644dd8fec10_0, 0;
    %pushi/vec4 0, 0, 1;
    %assign/vec4 v0x5644dd8fecf0_0, 0;
    %wait E_0x5644dd8feb90;
    %pushi/vec4 1, 0, 1;
    %assign/vec4 v0x5644dd8fec10_0, 0;
    %pushi/vec4 1, 0, 1;
    %assign/vec4 v0x5644dd8fecf0_0, 0;
    %wait E_0x5644dd8feb90;
    %pushi/vec4 0, 0, 1;
    %assign/vec4 v0x5644dd8fec10_0, 0;
    %pushi/vec4 0, 0, 1;
    %assign/vec4 v0x5644dd8fecf0_0, 0;
    %wait E_0x5644dd8feb90;
    %pushi/vec4 1, 0, 1;
    %assign/vec4 v0x5644dd8fec10_0, 0;
    %pushi/vec4 1, 0, 1;
    %assign/vec4 v0x5644dd8fecf0_0, 0;
    %wait E_0x5644dd8feb90;
    %pushi/vec4 0, 0, 1;
    %assign/vec4 v0x5644dd8fec10_0, 0;
    %pushi/vec4 0, 0, 1;
    %assign/vec4 v0x5644dd8fecf0_0, 0;
    %wait E_0x5644dd8feb90;
    %pushi/vec4 1, 0, 1;
    %assign/vec4 v0x5644dd8fec10_0, 0;
    %pushi/vec4 1, 0, 1;
    %assign/vec4 v0x5644dd8fecf0_0, 0;
    %wait E_0x5644dd8feb90;
    %pushi/vec4 0, 0, 1;
    %assign/vec4 v0x5644dd8fec10_0, 0;
    %pushi/vec4 0, 0, 1;
    %assign/vec4 v0x5644dd8fecf0_0, 0;
    %wait E_0x5644dd8feb90;
    %pushi/vec4 1, 0, 1;
    %assign/vec4 v0x5644dd8fec10_0, 0;
    %pushi/vec4 1, 0, 1;
    %assign/vec4 v0x5644dd8fecf0_0, 0;
    %wait E_0x5644dd8feb90;
    %pushi/vec4 0, 0, 1;
    %assign/vec4 v0x5644dd8fec10_0, 0;
    %pushi/vec4 0, 0, 1;
    %assign/vec4 v0x5644dd8fecf0_0, 0;
    %wait E_0x5644dd8feb90;
    %pushi/vec4 1, 0, 1;
    %assign/vec4 v0x5644dd8fec10_0, 0;
    %pushi/vec4 1, 0, 1;
    %assign/vec4 v0x5644dd8fecf0_0, 0;
    %wait E_0x5644dd8feb90;
    %pushi/vec4 0, 0, 1;
    %assign/vec4 v0x5644dd8fec10_0, 0;
    %pushi/vec4 0, 0, 1;
    %assign/vec4 v0x5644dd8fecf0_0, 0;
    %wait E_0x5644dd8feb90;
    %pushi/vec4 1, 0, 1;
    %assign/vec4 v0x5644dd8fec10_0, 0;
    %pushi/vec4 1, 0, 1;
    %assign/vec4 v0x5644dd8fecf0_0, 0;
    %wait E_0x5644dd8feb90;
    %pushi/vec4 0, 0, 1;
    %assign/vec4 v0x5644dd8fec10_0, 0;
    %pushi/vec4 0, 0, 1;
    %assign/vec4 v0x5644dd8fecf0_0, 0;
    %wait E_0x5644dd8feb90;
    %pushi/vec4 1, 0, 1;
    %assign/vec4 v0x5644dd8fec10_0, 0;
    %pushi/vec4 1, 0, 1;
    %assign/vec4 v0x5644dd8fecf0_0, 0;
    %wait E_0x5644dd8feb90;
    %pushi/vec4 0, 0, 1;
    %assign/vec4 v0x5644dd8fec10_0, 0;
    %pushi/vec4 0, 0, 1;
    %assign/vec4 v0x5644dd8fecf0_0, 0;
    %wait E_0x5644dd8feb90;
    %pushi/vec4 1, 0, 1;
    %assign/vec4 v0x5644dd8fec10_0, 0;
    %pushi/vec4 1, 0, 1;
    %assign/vec4 v0x5644dd8fecf0_0, 0;
    %wait E_0x5644dd8feb90;
    %pushi/vec4 0, 0, 1;
    %assign/vec4 v0x5644dd8fec10_0, 0;
    %pushi/vec4 0, 0, 1;
    %assign/vec4 v0x5644dd8fecf0_0, 0;
    %wait E_0x5644dd8feb90;
    %pushi/vec4 1, 0, 1;
    %assign/vec4 v0x5644dd8fec10_0, 0;
    %pushi/vec4 1, 0, 1;
    %assign/vec4 v0x5644dd8fecf0_0, 0;
    %wait E_0x5644dd8feb90;
    %pushi/vec4 0, 0, 1;
    %assign/vec4 v0x5644dd8fec10_0, 0;
    %pushi/vec4 0, 0, 1;
    %assign/vec4 v0x5644dd8fecf0_0, 0;
    %wait E_0x5644dd8feb90;
    %pushi/vec4 1, 0, 1;
    %assign/vec4 v0x5644dd8fec10_0, 0;
    %pushi/vec4 1, 0, 1;
    %assign/vec4 v0x5644dd8fecf0_0, 0;
    %wait E_0x5644dd8feb90;
    %pushi/vec4 0, 0, 1;
    %assign/vec4 v0x5644dd8fec10_0, 0;
    %pushi/vec4 0, 0, 1;
    %assign/vec4 v0x5644dd8fecf0_0, 0;
    %wait E_0x5644dd8feb90;
    %pushi/vec4 1, 0, 1;
    %assign/vec4 v0x5644dd8fec10_0, 0;
    %pushi/vec4 1, 0, 1;
    %assign/vec4 v0x5644dd8fecf0_0, 0;
    %wait E_0x5644dd8feb90;
    %pushi/vec4 0, 0, 1;
    %assign/vec4 v0x5644dd8fec10_0, 0;
    %pushi/vec4 0, 0, 1;
    %assign/vec4 v0x5644dd8fecf0_0, 0;
    %wait E_0x5644dd8feb90;
    %pushi/vec4 1, 0, 1;
    %assign/vec4 v0x5644dd8fec10_0, 0;
    %pushi/vec4 1, 0, 1;
    %assign/vec4 v0x5644dd8fecf0_0, 0;
    %wait E_0x5644dd8feb90;
    %pushi/vec4 0, 0, 1;
    %assign/vec4 v0x5644dd8fec10_0, 0;
    %pushi/vec4 0, 0, 1;
    %assign/vec4 v0x5644dd8fecf0_0, 0;
    %wait E_0x5644dd8feb90;
    %pushi/vec4 1, 0, 1;
    %assign/vec4 v0x5644dd8fec10_0, 0;
    %pushi/vec4 1, 0, 1;
    %assign/vec4 v0x5644dd8fecf0_0, 0;
    %wait E_0x5644dd8feb90;
    %wait E_0x5644dd8feb90;
    %wait E_0x5644dd8feb90;
    %wait E_0x5644dd8feb90;
    %wait E_0x5644dd8feb90;
    %wait E_0x5644dd8feb90;
    %wait E_0x5644dd8feb90;
    %vpi_call 7 388 "$finish" {0 0 0};
    %end;
    .thread T_17;
    .scope S_0x5644dd883140;
T_18 ;
    %pushi/vec4 0, 0, 1;
    %assign/vec4 v0x5644dd8fedb0_0, 0;
    %end;
    .thread T_18;
    .scope S_0x5644dd883140;
T_19 ;
    %delay 1000, 0;
    %load/vec4 v0x5644dd8fedb0_0;
    %inv;
    %assign/vec4 v0x5644dd8fedb0_0, 0;
    %jmp T_19;
    .thread T_19;
    .scope S_0x5644dd883140;
T_20 ;
    %pushi/vec4 0, 0, 1;
    %assign/vec4 v0x5644dd8fef10_0, 0;
    %end;
    .thread T_20;
    .scope S_0x5644dd883140;
T_21 ;
    %delay 8000, 0;
    %load/vec4 v0x5644dd8fefd0_0;
    %inv;
    %assign/vec4 v0x5644dd8fefd0_0, 0;
    %jmp T_21;
    .thread T_21;
    .scope S_0x5644dd883140;
T_22 ;
    %pushi/vec4 0, 0, 1;
    %assign/vec4 v0x5644dd8fee50_0, 0;
    %end;
    .thread T_22;
    .scope S_0x5644dd883140;
T_23 ;
    %delay 4000, 0;
    %load/vec4 v0x5644dd8fee50_0;
    %inv;
    %assign/vec4 v0x5644dd8fee50_0, 0;
    %jmp T_23;
    .thread T_23;
    .scope S_0x5644dd883140;
T_24 ;
    %pushi/vec4 0, 0, 1;
    %assign/vec4 v0x5644dd8fefd0_0, 0;
    %end;
    .thread T_24;
    .scope S_0x5644dd883140;
T_25 ;
    %delay 2000, 0;
    %load/vec4 v0x5644dd8fef10_0;
    %inv;
    %assign/vec4 v0x5644dd8fef10_0, 0;
    %jmp T_25;
    .thread T_25;
# The file index is used to find the file name in the following table.
:file_names 8;
    "N/A";
    "<interactive>";
    "./phy_rx.v";
    "./genClock.v";
    "./conv8_32.v";
    "./serial_parallel.v";
    "./unstripe.v";
    "./tester_rx.v";
